Build started 09-Jan-21 22:10:21.
     1>Project "D:\HomeWork IT\Y2\MID 2-62\Computer Programming\hwweek1\hw1\hw1\hw1.vcxproj" on node 2 (build target(s)).
     1>InitializeBuildStatus:
         Creating "Debug\hw1.unsuccessfulbuild" because "AlwaysCreate" was specified.
       ClCompile:
         c:\Program Files (x86)\Microsoft Visual Studio 10.0\VC\bin\CL.exe /c /ZI /nologo /W3 /WX- /Od /Oy- /D WIN32 /D _DEBUG /D _CONSOLE /D _UNICODE /D UNICODE /Gm /EHsc /RTC1 /MDd /GS /fp:precise /Zc:wchar_t /Zc:forScope /Fo"Debug\\" /Fd"Debug\vc100.pdb" /Gd /TP /analyze- /errorReport:prompt hw1_1.cpp
         hw1_1.cpp
       ManifestResourceCompile:
         All outputs are up-to-date.
       Link:
         c:\Program Files (x86)\Microsoft Visual Studio 10.0\VC\bin\link.exe /ERRORREPORT:PROMPT /OUT:"D:\HomeWork IT\Y2\MID 2-62\Computer Programming\hwweek1\hw1\Debug\hw1.exe" /INCREMENTAL /NOLOGO kernel32.lib user32.lib gdi32.lib winspool.lib comdlg32.lib advapi32.lib shell32.lib ole32.lib oleaut32.lib uuid.lib odbc32.lib odbccp32.lib /MANIFEST /ManifestFile:"Debug\hw1.exe.intermediate.manifest" /MANIFESTUAC:"level='asInvoker' uiAccess='false'" /DEBUG /PDB:"D:\HomeWork IT\Y2\MID 2-62\Computer Programming\hwweek1\hw1\Debug\hw1.pdb" /SUBSYSTEM:CONSOLE /TLBID:1 /DYNAMICBASE /NXCOMPAT /IMPLIB:"D:\HomeWork IT\Y2\MID 2-62\Computer Programming\hwweek1\hw1\Debug\hw1.lib" /MACHINE:X86 Debug\hw1.exe.embed.manifest.res
         Debug\hw1_1.obj
       Manifest:
         c:\Program Files (x86)\Microsoft SDKs\Windows\v7.0A\bin\mt.exe /nologo /verbose /out:"Debug\hw1.exe.embed.manifest" /manifest Debug\hw1.exe.intermediate.manifest
         All outputs are up-to-date.
       LinkEmbedManifest:
         All outputs are up-to-date.
         hw1.vcxproj -> D:\HomeWork IT\Y2\MID 2-62\Computer Programming\hwweek1\hw1\Debug\hw1.exe
       FinalizeBuildStatus:
         Deleting file "Debug\hw1.unsuccessfulbuild".
         Touching "Debug\hw1.lastbuildstate".
     1>Done Building Project "D:\HomeWork IT\Y2\MID 2-62\Computer Programming\hwweek1\hw1\hw1\hw1.vcxproj" (build target(s)).

Build succeeded.

Time Elapsed 00:00:02.30
